{"/Users/lusz/Desktop/szczepan.me/js/gradient-generator.js": {"path":"/Users/lusz/Desktop/szczepan.me/js/gradient-generator.js","statementMap":{"0":{"start":{"line":4,"column":8},"end":{"line":4,"column":24}},"1":{"start":{"line":5,"column":8},"end":{"line":5,"column":30}},"2":{"start":{"line":6,"column":8},"end":{"line":6,"column":32}},"3":{"start":{"line":7,"column":8},"end":{"line":7,"column":37}},"4":{"start":{"line":8,"column":8},"end":{"line":8,"column":74}},"5":{"start":{"line":9,"column":8},"end":{"line":9,"column":38}},"6":{"start":{"line":13,"column":8},"end":{"line":13,"column":46}},"7":{"start":{"line":17,"column":8},"end":{"line":20,"column":9}},"8":{"start":{"line":24,"column":8},"end":{"line":24,"column":39}},"9":{"start":{"line":25,"column":31},"end":{"line":25,"column":78}},"10":{"start":{"line":26,"column":31},"end":{"line":26,"column":78}},"11":{"start":{"line":27,"column":8},"end":{"line":27,"column":81}},"12":{"start":{"line":27,"column":30},"end":{"line":27,"column":81}},"13":{"start":{"line":29,"column":8},"end":{"line":31,"column":23}},"14":{"start":{"line":30,"column":12},"end":{"line":30,"column":86}},"15":{"start":{"line":37,"column":27},"end":{"line":37,"column":107}},"16":{"start":{"line":38,"column":26},"end":{"line":38,"column":74}},"17":{"start":{"line":39,"column":24},"end":{"line":39,"column":54}},"18":{"start":{"line":42,"column":8},"end":{"line":48,"column":9}},"19":{"start":{"line":43,"column":12},"end":{"line":43,"column":44}},"20":{"start":{"line":44,"column":12},"end":{"line":44,"column":68}},"21":{"start":{"line":44,"column":51},"end":{"line":44,"column":68}},"22":{"start":{"line":46,"column":12},"end":{"line":46,"column":44}},"23":{"start":{"line":47,"column":12},"end":{"line":47,"column":68}},"24":{"start":{"line":47,"column":51},"end":{"line":47,"column":68}},"25":{"start":{"line":50,"column":8},"end":{"line":56,"column":9}},"26":{"start":{"line":51,"column":12},"end":{"line":51,"column":44}},"27":{"start":{"line":52,"column":12},"end":{"line":52,"column":68}},"28":{"start":{"line":52,"column":51},"end":{"line":52,"column":68}},"29":{"start":{"line":54,"column":12},"end":{"line":54,"column":44}},"30":{"start":{"line":55,"column":12},"end":{"line":55,"column":68}},"31":{"start":{"line":55,"column":51},"end":{"line":55,"column":68}},"32":{"start":{"line":58,"column":8},"end":{"line":64,"column":9}},"33":{"start":{"line":59,"column":12},"end":{"line":59,"column":44}},"34":{"start":{"line":60,"column":12},"end":{"line":60,"column":67}},"35":{"start":{"line":60,"column":51},"end":{"line":60,"column":67}},"36":{"start":{"line":62,"column":12},"end":{"line":62,"column":44}},"37":{"start":{"line":63,"column":12},"end":{"line":63,"column":67}},"38":{"start":{"line":63,"column":51},"end":{"line":63,"column":67}},"39":{"start":{"line":66,"column":24},"end":{"line":66,"column":145}},"40":{"start":{"line":67,"column":24},"end":{"line":67,"column":145}},"41":{"start":{"line":69,"column":8},"end":{"line":69,"column":43}},"42":{"start":{"line":71,"column":40},"end":{"line":71,"column":74}},"43":{"start":{"line":71,"column":64},"end":{"line":71,"column":67}},"44":{"start":{"line":73,"column":8},"end":{"line":77,"column":9}},"45":{"start":{"line":74,"column":12},"end":{"line":74,"column":51}},"46":{"start":{"line":75,"column":12},"end":{"line":75,"column":69}},"47":{"start":{"line":76,"column":12},"end":{"line":76,"column":50}},"48":{"start":{"line":83,"column":26},"end":{"line":83,"column":57}},"49":{"start":{"line":84,"column":8},"end":{"line":84,"column":67}},"50":{"start":{"line":84,"column":23},"end":{"line":84,"column":67}},"51":{"start":{"line":85,"column":29},"end":{"line":85,"column":148}},"52":{"start":{"line":86,"column":27},"end":{"line":86,"column":58}},"53":{"start":{"line":87,"column":8},"end":{"line":87,"column":31}},"54":{"start":{"line":88,"column":8},"end":{"line":88,"column":44}},"55":{"start":{"line":89,"column":8},"end":{"line":89,"column":46}},"56":{"start":{"line":93,"column":26},"end":{"line":93,"column":58}},"57":{"start":{"line":94,"column":8},"end":{"line":94,"column":42}},"58":{"start":{"line":95,"column":8},"end":{"line":100,"column":9}},"59":{"start":{"line":96,"column":12},"end":{"line":96,"column":87}},"60":{"start":{"line":97,"column":12},"end":{"line":97,"column":87}},"61":{"start":{"line":99,"column":12},"end":{"line":99,"column":93}},"62":{"start":{"line":101,"column":8},"end":{"line":101,"column":41}}},"fnMap":{"0":{"name":"(anonymous_0)","decl":{"start":{"line":3,"column":4},"end":{"line":3,"column":5}},"loc":{"start":{"line":3,"column":18},"end":{"line":10,"column":5}},"line":3},"1":{"name":"(anonymous_1)","decl":{"start":{"line":12,"column":4},"end":{"line":12,"column":5}},"loc":{"start":{"line":12,"column":31},"end":{"line":14,"column":5}},"line":12},"2":{"name":"(anonymous_2)","decl":{"start":{"line":16,"column":4},"end":{"line":16,"column":5}},"loc":{"start":{"line":16,"column":34},"end":{"line":21,"column":5}},"line":16},"3":{"name":"(anonymous_3)","decl":{"start":{"line":23,"column":4},"end":{"line":23,"column":5}},"loc":{"start":{"line":23,"column":33},"end":{"line":33,"column":5}},"line":23},"4":{"name":"(anonymous_4)","decl":{"start":{"line":29,"column":46},"end":{"line":29,"column":47}},"loc":{"start":{"line":29,"column":52},"end":{"line":31,"column":9}},"line":29},"5":{"name":"(anonymous_5)","decl":{"start":{"line":35,"column":4},"end":{"line":35,"column":5}},"loc":{"start":{"line":35,"column":63},"end":{"line":79,"column":5}},"line":35},"6":{"name":"(anonymous_6)","decl":{"start":{"line":71,"column":57},"end":{"line":71,"column":58}},"loc":{"start":{"line":71,"column":64},"end":{"line":71,"column":67}},"line":71},"7":{"name":"(anonymous_7)","decl":{"start":{"line":82,"column":4},"end":{"line":82,"column":5}},"loc":{"start":{"line":82,"column":38},"end":{"line":90,"column":5}},"line":82},"8":{"name":"(anonymous_8)","decl":{"start":{"line":92,"column":4},"end":{"line":92,"column":5}},"loc":{"start":{"line":92,"column":34},"end":{"line":102,"column":5}},"line":92}},"branchMap":{"0":{"loc":{"start":{"line":27,"column":8},"end":{"line":27,"column":81}},"type":"if","locations":[{"start":{"line":27,"column":8},"end":{"line":27,"column":81}},{"start":{"line":27,"column":8},"end":{"line":27,"column":81}}],"line":27},"1":{"loc":{"start":{"line":37,"column":27},"end":{"line":37,"column":107}},"type":"cond-expr","locations":[{"start":{"line":37,"column":44},"end":{"line":37,"column":74}},{"start":{"line":37,"column":77},"end":{"line":37,"column":107}}],"line":37},"2":{"loc":{"start":{"line":38,"column":26},"end":{"line":38,"column":74}},"type":"cond-expr","locations":[{"start":{"line":38,"column":43},"end":{"line":38,"column":57}},{"start":{"line":38,"column":60},"end":{"line":38,"column":74}}],"line":38},"3":{"loc":{"start":{"line":39,"column":24},"end":{"line":39,"column":54}},"type":"cond-expr","locations":[{"start":{"line":39,"column":33},"end":{"line":39,"column":42}},{"start":{"line":39,"column":45},"end":{"line":39,"column":54}}],"line":39},"4":{"loc":{"start":{"line":42,"column":8},"end":{"line":48,"column":9}},"type":"if","locations":[{"start":{"line":42,"column":8},"end":{"line":48,"column":9}},{"start":{"line":42,"column":8},"end":{"line":48,"column":9}}],"line":42},"5":{"loc":{"start":{"line":44,"column":12},"end":{"line":44,"column":68}},"type":"if","locations":[{"start":{"line":44,"column":12},"end":{"line":44,"column":68}},{"start":{"line":44,"column":12},"end":{"line":44,"column":68}}],"line":44},"6":{"loc":{"start":{"line":47,"column":12},"end":{"line":47,"column":68}},"type":"if","locations":[{"start":{"line":47,"column":12},"end":{"line":47,"column":68}},{"start":{"line":47,"column":12},"end":{"line":47,"column":68}}],"line":47},"7":{"loc":{"start":{"line":50,"column":8},"end":{"line":56,"column":9}},"type":"if","locations":[{"start":{"line":50,"column":8},"end":{"line":56,"column":9}},{"start":{"line":50,"column":8},"end":{"line":56,"column":9}}],"line":50},"8":{"loc":{"start":{"line":52,"column":12},"end":{"line":52,"column":68}},"type":"if","locations":[{"start":{"line":52,"column":12},"end":{"line":52,"column":68}},{"start":{"line":52,"column":12},"end":{"line":52,"column":68}}],"line":52},"9":{"loc":{"start":{"line":55,"column":12},"end":{"line":55,"column":68}},"type":"if","locations":[{"start":{"line":55,"column":12},"end":{"line":55,"column":68}},{"start":{"line":55,"column":12},"end":{"line":55,"column":68}}],"line":55},"10":{"loc":{"start":{"line":58,"column":8},"end":{"line":64,"column":9}},"type":"if","locations":[{"start":{"line":58,"column":8},"end":{"line":64,"column":9}},{"start":{"line":58,"column":8},"end":{"line":64,"column":9}}],"line":58},"11":{"loc":{"start":{"line":60,"column":12},"end":{"line":60,"column":67}},"type":"if","locations":[{"start":{"line":60,"column":12},"end":{"line":60,"column":67}},{"start":{"line":60,"column":12},"end":{"line":60,"column":67}}],"line":60},"12":{"loc":{"start":{"line":63,"column":12},"end":{"line":63,"column":67}},"type":"if","locations":[{"start":{"line":63,"column":12},"end":{"line":63,"column":67}},{"start":{"line":63,"column":12},"end":{"line":63,"column":67}}],"line":63},"13":{"loc":{"start":{"line":73,"column":8},"end":{"line":77,"column":9}},"type":"if","locations":[{"start":{"line":73,"column":8},"end":{"line":77,"column":9}},{"start":{"line":73,"column":8},"end":{"line":77,"column":9}}],"line":73},"14":{"loc":{"start":{"line":84,"column":8},"end":{"line":84,"column":67}},"type":"if","locations":[{"start":{"line":84,"column":8},"end":{"line":84,"column":67}},{"start":{"line":84,"column":8},"end":{"line":84,"column":67}}],"line":84},"15":{"loc":{"start":{"line":95,"column":8},"end":{"line":100,"column":9}},"type":"if","locations":[{"start":{"line":95,"column":8},"end":{"line":100,"column":9}},{"start":{"line":95,"column":8},"end":{"line":100,"column":9}}],"line":95}},"s":{"0":18,"1":18,"2":18,"3":18,"4":18,"5":18,"6":109,"7":18,"8":7,"9":7,"10":7,"11":7,"12":3,"13":7,"14":5,"15":9,"16":9,"17":9,"18":9,"19":0,"20":0,"21":0,"22":9,"23":9,"24":4,"25":9,"26":0,"27":0,"28":0,"29":9,"30":9,"31":4,"32":9,"33":0,"34":0,"35":0,"36":9,"37":9,"38":4,"39":9,"40":9,"41":9,"42":9,"43":18,"44":9,"45":7,"46":7,"47":7,"48":8,"49":8,"50":1,"51":8,"52":8,"53":8,"54":8,"55":8,"56":13,"57":13,"58":13,"59":1,"60":1,"61":12,"62":13},"f":{"0":18,"1":109,"2":18,"3":7,"4":5,"5":9,"6":18,"7":8,"8":13},"b":{"0":[3,4],"1":[8,1],"2":[8,1],"3":[7,2],"4":[0,9],"5":[0,0],"6":[4,5],"7":[0,9],"8":[0,0],"9":[4,5],"10":[0,9],"11":[0,0],"12":[4,5],"13":[7,2],"14":[1,7],"15":[1,12]},"_coverageSchema":"332fd63041d2c1bcb487cc26dd0d5f7d97098a6c","hash":"77f3a66bee06a14f8b450e7e6b816289b346af24"}
,"/Users/lusz/Desktop/szczepan.me/js/scripts.js": {"path":"/Users/lusz/Desktop/szczepan.me/js/scripts.js","statementMap":{"0":{"start":{"line":4,"column":8},"end":{"line":4,"column":37}},"1":{"start":{"line":5,"column":8},"end":{"line":5,"column":29}},"2":{"start":{"line":6,"column":8},"end":{"line":17,"column":10}},"3":{"start":{"line":18,"column":8},"end":{"line":18,"column":33}},"4":{"start":{"line":22,"column":25},"end":{"line":22,"column":51}},"5":{"start":{"line":23,"column":29},"end":{"line":23,"column":64}},"6":{"start":{"line":24,"column":30},"end":{"line":24,"column":54}},"7":{"start":{"line":25,"column":8},"end":{"line":27,"column":11}},"8":{"start":{"line":26,"column":12},"end":{"line":26,"column":47}},"9":{"start":{"line":31,"column":8},"end":{"line":31,"column":62}},"10":{"start":{"line":35,"column":8},"end":{"line":49,"column":34}},"11":{"start":{"line":36,"column":29},"end":{"line":36,"column":60}},"12":{"start":{"line":37,"column":26},"end":{"line":37,"column":36}},"13":{"start":{"line":38,"column":25},"end":{"line":38,"column":58}},"14":{"start":{"line":39,"column":25},"end":{"line":39,"column":35}},"15":{"start":{"line":40,"column":12},"end":{"line":40,"column":38}},"16":{"start":{"line":41,"column":12},"end":{"line":41,"column":52}},"17":{"start":{"line":43,"column":35},"end":{"line":47,"column":44}},"18":{"start":{"line":44,"column":16},"end":{"line":44,"column":57}},"19":{"start":{"line":45,"column":16},"end":{"line":45,"column":48}},"20":{"start":{"line":46,"column":16},"end":{"line":46,"column":41}},"21":{"start":{"line":53,"column":26},"end":{"line":53,"column":58}},"22":{"start":{"line":54,"column":25},"end":{"line":54,"column":57}},"23":{"start":{"line":55,"column":8},"end":{"line":61,"column":10}},"24":{"start":{"line":56,"column":12},"end":{"line":56,"column":51}},"25":{"start":{"line":57,"column":12},"end":{"line":60,"column":31}},"26":{"start":{"line":58,"column":16},"end":{"line":58,"column":53}},"27":{"start":{"line":59,"column":16},"end":{"line":59,"column":49}},"28":{"start":{"line":65,"column":25},"end":{"line":65,"column":65}},"29":{"start":{"line":66,"column":25},"end":{"line":66,"column":83}},"30":{"start":{"line":68,"column":8},"end":{"line":70,"column":9}},"31":{"start":{"line":69,"column":12},"end":{"line":69,"column":47}},"32":{"start":{"line":71,"column":8},"end":{"line":74,"column":9}},"33":{"start":{"line":72,"column":12},"end":{"line":72,"column":52}},"34":{"start":{"line":73,"column":12},"end":{"line":73,"column":49}},"35":{"start":{"line":78,"column":8},"end":{"line":78,"column":48}}},"fnMap":{"0":{"name":"(anonymous_0)","decl":{"start":{"line":3,"column":4},"end":{"line":3,"column":5}},"loc":{"start":{"line":3,"column":26},"end":{"line":19,"column":5}},"line":3},"1":{"name":"(anonymous_1)","decl":{"start":{"line":21,"column":4},"end":{"line":21,"column":5}},"loc":{"start":{"line":21,"column":38},"end":{"line":28,"column":5}},"line":21},"2":{"name":"(anonymous_2)","decl":{"start":{"line":25,"column":30},"end":{"line":25,"column":31}},"loc":{"start":{"line":25,"column":41},"end":{"line":27,"column":9}},"line":25},"3":{"name":"(anonymous_3)","decl":{"start":{"line":30,"column":4},"end":{"line":30,"column":5}},"loc":{"start":{"line":30,"column":33},"end":{"line":32,"column":5}},"line":30},"4":{"name":"(anonymous_4)","decl":{"start":{"line":34,"column":4},"end":{"line":34,"column":5}},"loc":{"start":{"line":34,"column":20},"end":{"line":50,"column":5}},"line":34},"5":{"name":"(anonymous_5)","decl":{"start":{"line":35,"column":20},"end":{"line":35,"column":21}},"loc":{"start":{"line":35,"column":26},"end":{"line":49,"column":9}},"line":35},"6":{"name":"(anonymous_6)","decl":{"start":{"line":43,"column":47},"end":{"line":43,"column":48}},"loc":{"start":{"line":43,"column":53},"end":{"line":47,"column":13}},"line":43},"7":{"name":"(anonymous_7)","decl":{"start":{"line":52,"column":4},"end":{"line":52,"column":5}},"loc":{"start":{"line":52,"column":29},"end":{"line":62,"column":5}},"line":52},"8":{"name":"(anonymous_8)","decl":{"start":{"line":55,"column":44},"end":{"line":55,"column":45}},"loc":{"start":{"line":55,"column":50},"end":{"line":61,"column":9}},"line":55},"9":{"name":"(anonymous_9)","decl":{"start":{"line":57,"column":23},"end":{"line":57,"column":24}},"loc":{"start":{"line":57,"column":29},"end":{"line":60,"column":13}},"line":57},"10":{"name":"(anonymous_10)","decl":{"start":{"line":64,"column":4},"end":{"line":64,"column":5}},"loc":{"start":{"line":64,"column":31},"end":{"line":75,"column":5}},"line":64},"11":{"name":"(anonymous_11)","decl":{"start":{"line":77,"column":4},"end":{"line":77,"column":5}},"loc":{"start":{"line":77,"column":37},"end":{"line":79,"column":5}},"line":77}},"branchMap":{"0":{"loc":{"start":{"line":68,"column":8},"end":{"line":70,"column":9}},"type":"if","locations":[{"start":{"line":68,"column":8},"end":{"line":70,"column":9}},{"start":{"line":68,"column":8},"end":{"line":70,"column":9}}],"line":68},"1":{"loc":{"start":{"line":71,"column":8},"end":{"line":74,"column":9}},"type":"if","locations":[{"start":{"line":71,"column":8},"end":{"line":74,"column":9}},{"start":{"line":71,"column":8},"end":{"line":74,"column":9}}],"line":71},"2":{"loc":{"start":{"line":71,"column":12},"end":{"line":71,"column":53}},"type":"binary-expr","locations":[{"start":{"line":71,"column":12},"end":{"line":71,"column":41}},{"start":{"line":71,"column":45},"end":{"line":71,"column":53}}],"line":71}},"s":{"0":6,"1":6,"2":6,"3":6,"4":4,"5":4,"6":4,"7":4,"8":12,"9":9,"10":4,"11":8,"12":8,"13":8,"14":8,"15":8,"16":8,"17":8,"18":4,"19":4,"20":4,"21":3,"22":3,"23":3,"24":3,"25":3,"26":3,"27":3,"28":2,"29":2,"30":2,"31":1,"32":2,"33":1,"34":1,"35":1},"f":{"0":6,"1":4,"2":12,"3":9,"4":4,"5":8,"6":4,"7":3,"8":3,"9":3,"10":2,"11":1},"b":{"0":[1,1],"1":[1,1],"2":[2,1]},"_coverageSchema":"332fd63041d2c1bcb487cc26dd0d5f7d97098a6c","hash":"6485a0924cb326a59f80a214fed4359919cbdcae"}
}
