TN:
SF:/Users/lukaszszczepanski/WebstormProjects/szczepan.me/js/gradient-generator.js
FN:3,(anonymous_0)
FN:16,(anonymous_1)
FN:20,(anonymous_2)
FN:27,(anonymous_3)
FN:28,(anonymous_4)
FN:32,(anonymous_5)
FN:38,(anonymous_6)
FN:44,(anonymous_7)
FN:47,(anonymous_8)
FN:58,(anonymous_9)
FN:83,(anonymous_10)
FN:93,(anonymous_11)
FN:102,(anonymous_12)
FNF:13
FNH:13
FNDA:24,(anonymous_0)
FNDA:133,(anonymous_1)
FNDA:22,(anonymous_2)
FNDA:10,(anonymous_3)
FNDA:20,(anonymous_4)
FNDA:9,(anonymous_5)
FNDA:4,(anonymous_6)
FNDA:17,(anonymous_7)
FNDA:51,(anonymous_8)
FNDA:8,(anonymous_9)
FNDA:7,(anonymous_10)
FNDA:19,(anonymous_11)
FNDA:11,(anonymous_12)
DA:4,24
DA:5,24
DA:6,24
DA:7,24
DA:8,24
DA:12,24
DA:13,24
DA:17,133
DA:21,22
DA:28,20
DA:29,10
DA:33,9
DA:34,9
DA:35,9
DA:36,9
DA:38,9
DA:39,4
DA:45,17
DA:46,17
DA:48,51
DA:49,6
DA:50,6
DA:52,45
DA:53,45
DA:60,8
DA:61,8
DA:63,8
DA:65,8
DA:66,8
DA:68,8
DA:70,8
DA:72,8
DA:73,6
DA:74,6
DA:75,6
DA:76,6
DA:77,6
DA:84,7
DA:85,7
DA:86,7
DA:87,7
DA:88,7
DA:89,7
DA:90,7
DA:95,19
DA:96,3
DA:98,16
DA:103,11
DA:104,11
DA:105,11
DA:106,11
DA:107,0
DA:108,0
DA:110,11
DA:112,11
LF:55
LH:53
BRDA:36,0,0,5
BRDA:36,0,1,4
BRDA:45,1,0,12
BRDA:45,1,1,5
BRDA:48,2,0,6
BRDA:48,2,1,45
BRDA:50,3,0,0
BRDA:50,3,1,6
BRDA:53,4,0,36
BRDA:53,4,1,9
BRDA:60,5,0,7
BRDA:60,5,1,1
BRDA:61,6,0,7
BRDA:61,6,1,1
BRDA:72,7,0,6
BRDA:72,7,1,2
BRDA:85,8,0,0
BRDA:85,8,1,7
BRDA:95,9,0,3
BRDA:95,9,1,16
BRDA:106,10,0,0
BRDA:106,10,1,11
BRF:22
BRH:19
end_of_record
TN:
SF:/Users/lukaszszczepanski/WebstormProjects/szczepan.me/js/scripts.js
FN:3,(anonymous_0)
FN:26,(anonymous_1)
FN:31,(anonymous_2)
FN:35,(anonymous_3)
FN:40,(anonymous_4)
FN:44,(anonymous_5)
FN:45,(anonymous_6)
FN:53,(anonymous_7)
FN:62,(anonymous_8)
FN:65,(anonymous_9)
FN:68,(anonymous_10)
FN:77,(anonymous_11)
FN:84,(anonymous_12)
FN:97,(anonymous_13)
FN:101,(anonymous_14)
FN:107,(anonymous_15)
FN:132,(anonymous_16)
FN:136,(anonymous_17)
FN:139,(anonymous_18)
FN:141,(anonymous_19)
FN:144,(anonymous_20)
FN:152,(anonymous_21)
FNF:22
FNH:17
FNDA:6,(anonymous_0)
FNDA:6,(anonymous_1)
FNDA:4,(anonymous_2)
FNDA:12,(anonymous_3)
FNDA:9,(anonymous_4)
FNDA:4,(anonymous_5)
FNDA:8,(anonymous_6)
FNDA:4,(anonymous_7)
FNDA:3,(anonymous_8)
FNDA:3,(anonymous_9)
FNDA:3,(anonymous_10)
FNDA:3,(anonymous_11)
FNDA:2,(anonymous_12)
FNDA:1,(anonymous_13)
FNDA:3,(anonymous_14)
FNDA:7,(anonymous_15)
FNDA:16,(anonymous_16)
FNDA:0,(anonymous_17)
FNDA:0,(anonymous_18)
FNDA:0,(anonymous_19)
FNDA:0,(anonymous_20)
FNDA:0,(anonymous_21)
DA:4,6
DA:5,6
DA:6,6
DA:22,6
DA:23,6
DA:24,6
DA:25,6
DA:26,6
DA:27,6
DA:32,4
DA:33,4
DA:34,4
DA:35,4
DA:36,12
DA:41,9
DA:45,4
DA:46,8
DA:47,8
DA:48,8
DA:49,8
DA:50,8
DA:51,8
DA:53,8
DA:54,4
DA:55,4
DA:56,4
DA:63,3
DA:64,3
DA:65,3
DA:66,3
DA:67,3
DA:68,3
DA:69,3
DA:70,3
DA:71,3
DA:78,3
DA:79,3
DA:80,3
DA:85,2
DA:86,2
DA:88,2
DA:89,1
DA:91,2
DA:92,1
DA:93,1
DA:98,1
DA:102,3
DA:103,3
DA:104,3
DA:108,7
DA:114,7
DA:120,7
DA:126,7
DA:132,16
DA:137,0
DA:138,0
DA:139,0
DA:140,0
DA:141,0
DA:142,0
DA:143,0
DA:145,0
DA:149,0
DA:153,0
DA:154,0
DA:155,0
LF:66
LH:54
BRDA:27,0,0,0
BRDA:27,0,1,6
BRDA:78,1,0,3
BRDA:78,1,1,0
BRDA:88,2,0,1
BRDA:88,2,1,1
BRDA:91,3,0,1
BRDA:91,3,1,1
BRDA:91,4,0,2
BRDA:91,4,1,1
BRDA:153,5,0,0
BRDA:153,5,1,0
BRF:12
BRH:8
end_of_record
