TN:
SF:/Users/szczeps/Desktop/szczepan.me/js/gradient-generator.js
FN:3,(anonymous_0)
FN:17,(anonymous_1)
FN:21,(anonymous_2)
FN:50,(anonymous_3)
FN:65,(anonymous_4)
FN:80,(anonymous_5)
FN:81,(anonymous_6)
FN:85,(anonymous_7)
FN:92,(anonymous_8)
FN:98,(anonymous_9)
FN:101,(anonymous_10)
FN:112,(anonymous_11)
FN:137,(anonymous_12)
FN:147,(anonymous_13)
FN:156,(anonymous_14)
FNF:15
FNH:15
FNDA:25,(anonymous_0)
FNDA:79,(anonymous_1)
FNDA:13,(anonymous_2)
FNDA:13,(anonymous_3)
FNDA:13,(anonymous_4)
FNDA:10,(anonymous_5)
FNDA:20,(anonymous_6)
FNDA:9,(anonymous_7)
FNDA:4,(anonymous_8)
FNDA:17,(anonymous_9)
FNDA:51,(anonymous_10)
FNDA:8,(anonymous_11)
FNDA:7,(anonymous_12)
FNDA:19,(anonymous_13)
FNDA:11,(anonymous_14)
DA:4,25
DA:5,25
DA:6,25
DA:7,25
DA:8,25
DA:12,25
DA:13,25
DA:14,25
DA:18,79
DA:23,13
DA:24,13
DA:26,13
DA:27,13
DA:28,13
DA:29,12
DA:30,1
DA:31,1
DA:33,0
DA:35,13
DA:36,13
DA:38,12
DA:39,12
DA:41,1
DA:42,1
DA:44,0
DA:46,13
DA:47,13
DA:51,13
DA:52,13
DA:53,13
DA:54,13
DA:55,13
DA:60,13
DA:61,13
DA:62,13
DA:66,13
DA:67,13
DA:68,13
DA:69,13
DA:70,13
DA:71,13
DA:72,13
DA:76,13
DA:77,13
DA:81,20
DA:82,10
DA:86,9
DA:87,9
DA:88,9
DA:89,9
DA:90,9
DA:92,9
DA:93,4
DA:99,17
DA:100,17
DA:102,51
DA:103,7
DA:104,7
DA:106,44
DA:107,44
DA:114,8
DA:115,8
DA:117,8
DA:119,8
DA:120,8
DA:122,8
DA:124,8
DA:126,8
DA:127,6
DA:128,6
DA:129,6
DA:130,6
DA:131,6
DA:138,7
DA:139,7
DA:140,7
DA:141,7
DA:142,7
DA:143,7
DA:144,7
DA:149,19
DA:150,3
DA:152,16
DA:157,11
DA:158,11
DA:159,11
DA:160,11
DA:161,0
DA:162,0
DA:164,11
DA:166,11
LF:91
LH:87
BRDA:28,0,0,12
BRDA:28,0,1,1
BRDA:30,1,0,1
BRDA:30,1,1,0
BRDA:30,2,0,1
BRDA:30,2,1,1
BRDA:36,3,0,12
BRDA:36,3,1,1
BRDA:36,3,2,0
BRDA:50,4,0,13
BRDA:90,5,0,5
BRDA:90,5,1,4
BRDA:99,6,0,12
BRDA:99,6,1,5
BRDA:102,7,0,7
BRDA:102,7,1,44
BRDA:104,8,0,1
BRDA:104,8,1,6
BRDA:107,9,0,12
BRDA:107,9,1,32
BRDA:114,10,0,7
BRDA:114,10,1,1
BRDA:115,11,0,7
BRDA:115,11,1,1
BRDA:126,12,0,6
BRDA:126,12,1,2
BRDA:139,13,0,0
BRDA:139,13,1,7
BRDA:149,14,0,3
BRDA:149,14,1,16
BRDA:160,15,0,0
BRDA:160,15,1,11
BRF:32
BRH:28
end_of_record
TN:
SF:/Users/szczeps/Desktop/szczepan.me/js/scripts.js
FN:2,(anonymous_0)
FN:27,(anonymous_1)
FN:31,(anonymous_2)
FN:36,(anonymous_3)
FN:40,(anonymous_4)
FN:41,(anonymous_5)
FN:49,(anonymous_6)
FN:58,(anonymous_7)
FN:61,(anonymous_8)
FN:64,(anonymous_9)
FN:73,(anonymous_10)
FN:80,(anonymous_11)
FN:93,(anonymous_12)
FN:97,(anonymous_13)
FN:103,(anonymous_14)
FN:128,(anonymous_15)
FN:132,(anonymous_16)
FN:135,(anonymous_17)
FN:137,(anonymous_18)
FN:140,(anonymous_19)
FN:148,(anonymous_20)
FNF:21
FNH:17
FNDA:7,(anonymous_0)
FNDA:4,(anonymous_1)
FNDA:12,(anonymous_2)
FNDA:9,(anonymous_3)
FNDA:4,(anonymous_4)
FNDA:8,(anonymous_5)
FNDA:4,(anonymous_6)
FNDA:3,(anonymous_7)
FNDA:3,(anonymous_8)
FNDA:3,(anonymous_9)
FNDA:3,(anonymous_10)
FNDA:2,(anonymous_11)
FNDA:1,(anonymous_12)
FNDA:5,(anonymous_13)
FNDA:9,(anonymous_14)
FNDA:24,(anonymous_15)
FNDA:0,(anonymous_16)
FNDA:0,(anonymous_17)
FNDA:0,(anonymous_18)
FNDA:0,(anonymous_19)
FNDA:2,(anonymous_20)
DA:3,7
DA:4,7
DA:5,7
DA:21,7
DA:22,7
DA:23,7
DA:24,7
DA:28,4
DA:29,4
DA:30,4
DA:31,4
DA:32,12
DA:37,9
DA:41,4
DA:42,8
DA:43,8
DA:44,8
DA:45,8
DA:46,8
DA:47,8
DA:49,8
DA:50,4
DA:51,4
DA:52,4
DA:59,3
DA:60,3
DA:61,3
DA:62,3
DA:63,3
DA:64,3
DA:65,3
DA:66,3
DA:67,3
DA:74,3
DA:75,3
DA:76,3
DA:81,2
DA:82,2
DA:84,2
DA:85,1
DA:87,2
DA:88,1
DA:89,1
DA:94,1
DA:98,5
DA:99,5
DA:100,5
DA:104,9
DA:110,9
DA:116,9
DA:122,9
DA:128,24
DA:133,0
DA:134,0
DA:135,0
DA:136,0
DA:137,0
DA:138,0
DA:139,0
DA:141,0
DA:145,0
DA:149,2
DA:150,2
DA:151,2
LF:64
LH:55
BRDA:74,0,0,3
BRDA:74,0,1,0
BRDA:84,1,0,1
BRDA:84,1,1,1
BRDA:87,2,0,1
BRDA:87,2,1,1
BRDA:87,3,0,2
BRDA:87,3,1,1
BRDA:149,4,0,1
BRDA:149,4,1,1
BRF:10
BRH:9
end_of_record
